<?xml version="1.0" encoding="UTF-8"?>
<testng-results ignored="0" total="3" passed="2" failed="1" skipped="0">
  <reporter-output>
  </reporter-output>
  <suite started-at="2024-03-29T14:26:55 IST" name="Default suite" finished-at="2024-03-29T14:27:01 IST" duration-ms="5724">
    <groups>
    </groups>
    <test started-at="2024-03-29T14:26:55 IST" name="Default test" finished-at="2024-03-29T14:27:01 IST" duration-ms="5724">
      <class name="tests.SwagLabsLoginSampleTest">
        <test-method is-config="true" signature="startUp()[pri:0, instance:tests.SwagLabsLoginSampleTest@3967e60c]" started-at="2024-03-29T14:26:55 IST" name="startUp" finished-at="2024-03-29T14:26:57 IST" duration-ms="1285" status="PASS">
          <reporter-output>
          </reporter-output>
        </test-method> <!-- startUp -->
        <test-method signature="loginAsStandardUserTest()[pri:0, instance:tests.SwagLabsLoginSampleTest@3967e60c]" started-at="2024-03-29T14:26:57 IST" name="loginAsStandardUserTest" finished-at="2024-03-29T14:26:58 IST" duration-ms="742" status="PASS">
          <reporter-output>
          </reporter-output>
        </test-method> <!-- loginAsStandardUserTest -->
        <test-method is-config="true" signature="tearDown()[pri:0, instance:tests.SwagLabsLoginSampleTest@3967e60c]" started-at="2024-03-29T14:26:58 IST" name="tearDown" finished-at="2024-03-29T14:26:58 IST" duration-ms="85" status="PASS">
          <reporter-output>
          </reporter-output>
        </test-method> <!-- tearDown -->
        <test-method is-config="true" signature="startUp()[pri:0, instance:tests.SwagLabsLoginSampleTest@3967e60c]" started-at="2024-03-29T14:26:58 IST" name="startUp" finished-at="2024-03-29T14:26:58 IST" duration-ms="850" status="PASS">
          <reporter-output>
          </reporter-output>
        </test-method> <!-- startUp -->
        <test-method signature="loginAsVisualUserTest()[pri:0, instance:tests.SwagLabsLoginSampleTest@3967e60c]" started-at="2024-03-29T14:26:58 IST" name="loginAsVisualUserTest" finished-at="2024-03-29T14:26:59 IST" duration-ms="729" status="PASS">
          <reporter-output>
          </reporter-output>
        </test-method> <!-- loginAsVisualUserTest -->
        <test-method is-config="true" signature="tearDown()[pri:0, instance:tests.SwagLabsLoginSampleTest@3967e60c]" started-at="2024-03-29T14:26:59 IST" name="tearDown" finished-at="2024-03-29T14:26:59 IST" duration-ms="83" status="PASS">
          <reporter-output>
          </reporter-output>
        </test-method> <!-- tearDown -->
        <test-method is-config="true" signature="startUp()[pri:0, instance:tests.SwagLabsLoginSampleTest@3967e60c]" started-at="2024-03-29T14:26:59 IST" name="startUp" finished-at="2024-03-29T14:27:01 IST" duration-ms="1735" status="PASS">
          <reporter-output>
          </reporter-output>
        </test-method> <!-- startUp -->
        <test-method signature="loginWithInvalidCredentialsTest()[pri:0, instance:tests.SwagLabsLoginSampleTest@3967e60c]" started-at="2024-03-29T14:27:01 IST" name="loginWithInvalidCredentialsTest" finished-at="2024-03-29T14:27:01 IST" duration-ms="120" status="FAIL">
          <exception class="java.lang.AssertionError">
            <message>
              <![CDATA[expected [test error message] but found [Epic sadface: Username and password do not match any user in this service]]]>
            </message>
            <full-stacktrace>
              <![CDATA[java.lang.AssertionError: expected [test error message] but found [Epic sadface: Username and password do not match any user in this service]
at org.testng.Assert.fail(Assert.java:99)
at org.testng.Assert.failNotEquals(Assert.java:1037)
at org.testng.Assert.assertEqualsImpl(Assert.java:140)
at org.testng.Assert.assertEquals(Assert.java:122)
at org.testng.Assert.assertEquals(Assert.java:629)
at org.testng.Assert.assertEquals(Assert.java:639)
at tests.SwagLabsLoginSampleTest.loginWithInvalidCredentialsTest(SwagLabsLoginSampleTest.java:46)
at java.base/jdk.internal.reflect.DirectMethodHandleAccessor.invoke(DirectMethodHandleAccessor.java:103)
at java.base/java.lang.reflect.Method.invoke(Method.java:580)
at org.testng.internal.MethodInvocationHelper.invokeMethod(MethodInvocationHelper.java:133)
at org.testng.internal.TestInvoker.invokeMethod(TestInvoker.java:598)
at org.testng.internal.TestInvoker.invokeTestMethod(TestInvoker.java:173)
at org.testng.internal.MethodRunner.runInSequence(MethodRunner.java:46)
at org.testng.internal.TestInvoker$MethodInvocationAgent.invoke(TestInvoker.java:824)
at org.testng.internal.TestInvoker.invokeTestMethods(TestInvoker.java:146)
at org.testng.internal.TestMethodWorker.invokeTestMethods(TestMethodWorker.java:146)
at org.testng.internal.TestMethodWorker.run(TestMethodWorker.java:128)
at java.base/java.util.ArrayList.forEach(ArrayList.java:1596)
at org.testng.TestRunner.privateRun(TestRunner.java:794)
at org.testng.TestRunner.run(TestRunner.java:596)
at org.testng.SuiteRunner.runTest(SuiteRunner.java:377)
at org.testng.SuiteRunner.runSequentially(SuiteRunner.java:371)
at org.testng.SuiteRunner.privateRun(SuiteRunner.java:332)
at org.testng.SuiteRunner.run(SuiteRunner.java:276)
at org.testng.SuiteRunnerWorker.runSuite(SuiteRunnerWorker.java:53)
at org.testng.SuiteRunnerWorker.run(SuiteRunnerWorker.java:96)
at org.testng.TestNG.runSuitesSequentially(TestNG.java:1212)
at org.testng.TestNG.runSuitesLocally(TestNG.java:1134)
at org.testng.TestNG.runSuites(TestNG.java:1063)
at org.testng.TestNG.run(TestNG.java:1031)
at org.testng.remote.AbstractRemoteTestNG.run(AbstractRemoteTestNG.java:115)
at org.testng.remote.RemoteTestNG.initAndRun(RemoteTestNG.java:251)
at org.testng.remote.RemoteTestNG.main(RemoteTestNG.java:77)
]]>
            </full-stacktrace>
          </exception> <!-- java.lang.AssertionError -->
          <reporter-output>
          </reporter-output>
        </test-method> <!-- loginWithInvalidCredentialsTest -->
        <test-method is-config="true" signature="tearDown()[pri:0, instance:tests.SwagLabsLoginSampleTest@3967e60c]" started-at="2024-03-29T14:27:01 IST" name="tearDown" finished-at="2024-03-29T14:27:01 IST" duration-ms="81" status="PASS">
          <reporter-output>
          </reporter-output>
        </test-method> <!-- tearDown -->
      </class> <!-- tests.SwagLabsLoginSampleTest -->
    </test> <!-- Default test -->
  </suite> <!-- Default suite -->
</testng-results>
